<?xml version="1.0" encoding="UTF-8"?>
<coverage generated="1551433741748" clover="3.2.0">
  <project timestamp="1551433741748" name="All files">
    <metrics statements="7" coveredstatements="7" conditionals="5" coveredconditionals="5" methods="3" coveredmethods="3" elements="15" coveredelements="15" complexity="0" loc="7" ncloc="7" packages="1" files="2" classes="2">
      <file name="fuzzy.js" path="/Users/peterlarsson/src/node-playground/src/util/fuzzy.js">
        <metrics statements="2" coveredstatements="2" conditionals="1" coveredconditionals="1" methods="1" coveredmethods="1"/>
        <line num="1" count="1" type="cond" truecount="1" falsecount="0"/>
        <line num="2" count="5" type="stmt"/>
      </file>
      <file name="validate.js" path="/Users/peterlarsson/src/node-playground/src/util/validate.js">
        <metrics statements="5" coveredstatements="5" conditionals="4" coveredconditionals="4" methods="2" coveredmethods="2"/>
        <line num="1" count="1" type="stmt"/>
        <line num="2" count="7" type="stmt"/>
        <line num="3" count="7" type="cond" truecount="2" falsecount="0"/>
        <line num="6" count="1" type="stmt"/>
        <line num="7" count="2" type="cond" truecount="2" falsecount="0"/>
      </file>
    </metrics>
  </project>
</coverage>
