{"/Users/peterlarsson/src/node-playground/src/util/fuzzy.js": {"path":"/Users/peterlarsson/src/node-playground/src/util/fuzzy.js","statementMap":{"0":{"start":{"line":1,"column":0},"end":{"line":3,"column":1}},"1":{"start":{"line":2,"column":2},"end":{"line":2,"column":31}}},"fnMap":{"0":{"name":"(anonymous_0)","decl":{"start":{"line":1,"column":16},"end":{"line":1,"column":17}},"loc":{"start":{"line":1,"column":40},"end":{"line":3,"column":1}},"line":1}},"branchMap":{"0":{"loc":{"start":{"line":1,"column":31},"end":{"line":1,"column":38}},"type":"default-arg","locations":[{"start":{"line":1,"column":37},"end":{"line":1,"column":38}}],"line":1}},"s":{"0":1,"1":5},"f":{"0":5},"b":{"0":[2]},"_coverageSchema":"332fd63041d2c1bcb487cc26dd0d5f7d97098a6c","hash":"4b30c78be1dc4cad2e17abf71336971bd810dc4e"}
,"/Users/peterlarsson/src/node-playground/src/util/validate.js": {"path":"/Users/peterlarsson/src/node-playground/src/util/validate.js","statementMap":{"0":{"start":{"line":1,"column":0},"end":{"line":4,"column":1}},"1":{"start":{"line":2,"column":17},"end":{"line":2,"column":28}},"2":{"start":{"line":3,"column":2},"end":{"line":3,"column":53}},"3":{"start":{"line":6,"column":0},"end":{"line":8,"column":1}},"4":{"start":{"line":7,"column":2},"end":{"line":7,"column":42}}},"fnMap":{"0":{"name":"(anonymous_0)","decl":{"start":{"line":1,"column":19},"end":{"line":1,"column":20}},"loc":{"start":{"line":1,"column":33},"end":{"line":4,"column":1}},"line":1},"1":{"name":"(anonymous_1)","decl":{"start":{"line":6,"column":27},"end":{"line":6,"column":28}},"loc":{"start":{"line":6,"column":41},"end":{"line":8,"column":1}},"line":6}},"branchMap":{"0":{"loc":{"start":{"line":3,"column":9},"end":{"line":3,"column":53}},"type":"binary-expr","locations":[{"start":{"line":3,"column":9},"end":{"line":3,"column":35}},{"start":{"line":3,"column":39},"end":{"line":3,"column":53}}],"line":3},"1":{"loc":{"start":{"line":7,"column":9},"end":{"line":7,"column":42}},"type":"binary-expr","locations":[{"start":{"line":7,"column":9},"end":{"line":7,"column":30}},{"start":{"line":7,"column":34},"end":{"line":7,"column":42}}],"line":7}},"s":{"0":1,"1":7,"2":7,"3":1,"4":2},"f":{"0":7,"1":2},"b":{"0":[7,7],"1":[2,2]},"_coverageSchema":"332fd63041d2c1bcb487cc26dd0d5f7d97098a6c","hash":"c7a10c0cff9c0b6e5bf8ac333216c61194346e34"}
}
